# JRE version: OpenJDK Runtime Environment (17.0.6) (build 17.0.6+0-b2043.56-10027231)
# Java VM: OpenJDK 64-Bit Server VM (17.0.6+0-b2043.56-10027231, mixed mode, tiered, compressed oops, compressed class ptrs, g1 gc, windows-amd64)
GC Precious Log:
 CPUs: 4 total, 4 available
 Memory: 3519M
 Large Page Support: Disabled
 NUMA Support: Disabled
 Compressed Oops: Enabled (32-bit)
 Heap Region Size: 1M
 Heap Min Capacity: 8M
 Heap Initial Capacity: 56M
 Heap Max Capacity: 880M
 Pre-touch: Disabled
 Parallel Workers: 4
 Concurrent Workers: 1
 Concurrent Refinement Workers: 4
 Periodic GC: Disabled
Heap:
 garbage-first heap   total 82944K, used 50176K [0x00000000c9000000, 0x0000000100000000)
  region size 1024K, 10 young (10240K), 4 survivors (4096K)
 Metaspace       used 54000K, committed 54272K, reserved 1097728K
  class space    used 6334K, committed 6464K, reserved 1048576K
GC Heap History (20 events):
Event: 5.212 GC heap before
{Heap before GC invocations=8 (full 0):
 garbage-first heap   total 51200K, used 29037K [0x00000000c9000000, 0x0000000100000000)
  region size 1024K, 9 young (9216K), 3 survivors (3072K)
 Metaspace       used 35968K, committed 36160K, reserved 1081344K
  class space    used 4515K, committed 4608K, reserved 1048576K
}
Event: 5.221 GC heap after
{Heap after GC invocations=9 (full 0):
 garbage-first heap   total 51200K, used 25657K [0x00000000c9000000, 0x0000000100000000)
  region size 1024K, 2 young (2048K), 2 survivors (2048K)
 Metaspace       used 35968K, committed 36160K, reserved 1081344K
  class space    used 4515K, committed 4608K, reserved 1048576K
}
Event: 5.590 GC heap before
{Heap before GC invocations=10 (full 0):
 garbage-first heap   total 51200K, used 36921K [0x00000000c9000000, 0x0000000100000000)
  region size 1024K, 14 young (14336K), 2 survivors (2048K)
 Metaspace       used 38225K, committed 38464K, reserved 1089536K
  class space    used 4785K, committed 4864K, reserved 1048576K
}
Event: 5.597 GC heap after
{Heap after GC invocations=11 (full 0):
 garbage-first heap   total 51200K, used 25130K [0x00000000c9000000, 0x0000000100000000)
  region size 1024K, 2 young (2048K), 2 survivors (2048K)
 Metaspace       used 38225K, committed 38464K, reserved 1089536K
  class space    used 4785K, committed 4864K, reserved 1048576K
}
Event: 5.630 GC heap before
{Heap before GC invocations=11 (full 0):
 garbage-first heap   total 51200K, used 25130K [0x00000000c9000000, 0x0000000100000000)
  region size 1024K, 3 young (3072K), 2 survivors (2048K)
 Metaspace       used 38362K, committed 38592K, reserved 1089536K
  class space    used 4808K, committed 4928K, reserved 1048576K
}
Event: 5.637 GC heap after
{Heap after GC invocations=12 (full 0):
 garbage-first heap   total 51200K, used 25262K [0x00000000c9000000, 0x0000000100000000)
  region size 1024K, 1 young (1024K), 1 survivors (1024K)
 Metaspace       used 38362K, committed 38592K, reserved 1089536K
  class space    used 4808K, committed 4928K, reserved 1048576K
}
Event: 6.101 GC heap before
{Heap before GC invocations=12 (full 0):
 garbage-first heap   total 51200K, used 36526K [0x00000000c9000000, 0x0000000100000000)
  region size 1024K, 13 young (13312K), 1 survivors (1024K)
 Metaspace       used 41102K, committed 41344K, reserved 1089536K
  class space    used 5005K, committed 5120K, reserved 1048576K
}
Event: 6.104 GC heap after
{Heap after GC invocations=13 (full 0):
 garbage-first heap   total 51200K, used 26207K [0x00000000c9000000, 0x0000000100000000)
  region size 1024K, 2 young (2048K), 2 survivors (2048K)
 Metaspace       used 41102K, committed 41344K, reserved 1089536K
  class space    used 5005K, committed 5120K, reserved 1048576K
}
Event: 6.446 GC heap before
{Heap before GC invocations=14 (full 0):
 garbage-first heap   total 51200K, used 38495K [0x00000000c9000000, 0x0000000100000000)
  region size 1024K, 14 young (14336K), 2 survivors (2048K)
 Metaspace       used 43499K, committed 43712K, reserved 1089536K
  class space    used 5279K, committed 5376K, reserved 1048576K
}
Event: 6.450 GC heap after
{Heap after GC invocations=15 (full 0):
 garbage-first heap   total 51200K, used 27229K [0x00000000c9000000, 0x0000000100000000)
  region size 1024K, 1 young (1024K), 1 survivors (1024K)
 Metaspace       used 43499K, committed 43712K, reserved 1089536K
  class space    used 5279K, committed 5376K, reserved 1048576K
}
Event: 6.487 GC heap before
{Heap before GC invocations=15 (full 0):
 garbage-first heap   total 51200K, used 28253K [0x00000000c9000000, 0x0000000100000000)
  region size 1024K, 2 young (2048K), 1 survivors (1024K)
 Metaspace       used 43905K, committed 44160K, reserved 1089536K
  class space    used 5326K, committed 5440K, reserved 1048576K
}
Event: 6.492 GC heap after
{Heap after GC invocations=16 (full 0):
 garbage-first heap   total 82944K, used 26774K [0x00000000c9000000, 0x0000000100000000)
  region size 1024K, 1 young (1024K), 1 survivors (1024K)
 Metaspace       used 43905K, committed 44160K, reserved 1089536K
  class space    used 5326K, committed 5440K, reserved 1048576K
}
Event: 7.465 GC heap before
{Heap before GC invocations=16 (full 0):
 garbage-first heap   total 82944K, used 61590K [0x00000000c9000000, 0x0000000100000000)
  region size 1024K, 32 young (32768K), 1 survivors (1024K)
 Metaspace       used 48777K, committed 48960K, reserved 1097728K
  class space    used 5895K, committed 5952K, reserved 1048576K
}
Event: 7.477 GC heap after
{Heap after GC invocations=17 (full 0):
 garbage-first heap   total 82944K, used 33745K [0x00000000c9000000, 0x0000000100000000)
  region size 1024K, 4 young (4096K), 4 survivors (4096K)
 Metaspace       used 48777K, committed 48960K, reserved 1097728K
  class space    used 5895K, committed 5952K, reserved 1048576K
}
Event: 7.907 GC heap before
{Heap before GC invocations=17 (full 0):
 garbage-first heap   total 82944K, used 61393K [0x00000000c9000000, 0x0000000100000000)
  region size 1024K, 31 young (31744K), 4 survivors (4096K)
 Metaspace       used 50922K, committed 51200K, reserved 1097728K
  class space    used 6116K, committed 6272K, reserved 1048576K
}
Event: 7.923 GC heap after
{Heap after GC invocations=18 (full 0):
 garbage-first heap   total 82944K, used 36090K [0x00000000c9000000, 0x0000000100000000)
  region size 1024K, 3 young (3072K), 3 survivors (3072K)
 Metaspace       used 50922K, committed 51200K, reserved 1097728K
  class space    used 6116K, committed 6272K, reserved 1048576K
}
Event: 9.356 GC heap before
{Heap before GC invocations=18 (full 0):
 garbage-first heap   total 82944K, used 62714K [0x00000000c9000000, 0x0000000100000000)
  region size 1024K, 29 young (29696K), 3 survivors (3072K)
 Metaspace       used 52584K, committed 52864K, reserved 1097728K
  class space    used 6199K, committed 6336K, reserved 1048576K
}
Event: 9.376 GC heap after
{Heap after GC invocations=19 (full 0):
 garbage-first heap   total 82944K, used 40854K [0x00000000c9000000, 0x0000000100000000)
  region size 1024K, 4 young (4096K), 4 survivors (4096K)
 Metaspace       used 52584K, committed 52864K, reserved 1097728K
  class space    used 6199K, committed 6336K, reserved 1048576K
}
Event: 9.996 GC heap before
{Heap before GC invocations=19 (full 0):
 garbage-first heap   total 82944K, used 63382K [0x00000000c9000000, 0x0000000100000000)
  region size 1024K, 26 young (26624K), 4 survivors (4096K)
 Metaspace       used 53087K, committed 53312K, reserved 1097728K
  class space    used 6234K, committed 6336K, reserved 1048576K
}
Event: 10.018 GC heap after
{Heap after GC invocations=20 (full 0):
 garbage-first heap   total 82944K, used 45056K [0x00000000c9000000, 0x0000000100000000)
  region size 1024K, 4 young (4096K), 4 survivors (4096K)
 Metaspace       used 53087K, committed 53312K, reserved 1097728K
  class space    used 6234K, committed 6336K, reserved 1048576K
}

