# JRE version: OpenJDK Runtime Environment (17.0.6) (build 17.0.6+0-b2043.56-10027231)
# Java VM: OpenJDK 64-Bit Server VM (17.0.6+0-b2043.56-10027231, mixed mode, tiered, compressed oops, compressed class ptrs, g1 gc, windows-amd64)
GC Precious Log:
 CPUs: 4 total, 4 available
 Memory: 3519M
 Large Page Support: Disabled
 NUMA Support: Disabled
 Compressed Oops: Enabled (32-bit)
 Heap Region Size: 1M
 Heap Min Capacity: 8M
 Heap Initial Capacity: 56M
 Heap Max Capacity: 880M
 Pre-touch: Disabled
 Parallel Workers: 4
 Concurrent Workers: 1
 Concurrent Refinement Workers: 4
 Periodic GC: Disabled
Heap:
 garbage-first heap   total 64512K, used 35452K [0x00000000c9000000, 0x0000000100000000)
  region size 1024K, 2 young (2048K), 2 survivors (2048K)
 Metaspace       used 50232K, committed 50496K, reserved 1097728K
  class space    used 6060K, committed 6208K, reserved 1048576K
GC Heap History (20 events):
Event: 10.079 GC heap after
{Heap after GC invocations=6 (full 0):
 garbage-first heap   total 40960K, used 16818K [0x00000000c9000000, 0x0000000100000000)
  region size 1024K, 1 young (1024K), 1 survivors (1024K)
 Metaspace       used 27293K, committed 27520K, reserved 1073152K
  class space    used 2969K, committed 3072K, reserved 1048576K
}
Event: 10.652 GC heap before
{Heap before GC invocations=6 (full 0):
 garbage-first heap   total 40960K, used 30130K [0x00000000c9000000, 0x0000000100000000)
  region size 1024K, 14 young (14336K), 1 survivors (1024K)
 Metaspace       used 31290K, committed 31552K, reserved 1081344K
  class space    used 3770K, committed 3904K, reserved 1048576K
}
Event: 10.657 GC heap after
{Heap after GC invocations=7 (full 0):
 garbage-first heap   total 40960K, used 17852K [0x00000000c9000000, 0x0000000100000000)
  region size 1024K, 2 young (2048K), 2 survivors (2048K)
 Metaspace       used 31290K, committed 31552K, reserved 1081344K
  class space    used 3770K, committed 3904K, reserved 1048576K
}
Event: 11.007 GC heap before
{Heap before GC invocations=7 (full 0):
 garbage-first heap   total 40960K, used 33212K [0x00000000c9000000, 0x0000000100000000)
  region size 1024K, 15 young (15360K), 2 survivors (2048K)
 Metaspace       used 32554K, committed 32768K, reserved 1081344K
  class space    used 4118K, committed 4224K, reserved 1048576K
}
Event: 11.020 GC heap after
{Heap after GC invocations=8 (full 0):
 garbage-first heap   total 40960K, used 23272K [0x00000000c9000000, 0x0000000100000000)
  region size 1024K, 2 young (2048K), 2 survivors (2048K)
 Metaspace       used 32554K, committed 32768K, reserved 1081344K
  class space    used 4118K, committed 4224K, reserved 1048576K
}
Event: 11.231 GC heap before
{Heap before GC invocations=8 (full 0):
 garbage-first heap   total 40960K, used 31464K [0x00000000c9000000, 0x0000000100000000)
  region size 1024K, 10 young (10240K), 2 survivors (2048K)
 Metaspace       used 34996K, committed 35200K, reserved 1081344K
  class space    used 4400K, committed 4480K, reserved 1048576K
}
Event: 11.238 GC heap after
{Heap after GC invocations=9 (full 0):
 garbage-first heap   total 64512K, used 23961K [0x00000000c9000000, 0x0000000100000000)
  region size 1024K, 1 young (1024K), 1 survivors (1024K)
 Metaspace       used 34996K, committed 35200K, reserved 1081344K
  class space    used 4400K, committed 4480K, reserved 1048576K
}
Event: 11.864 GC heap before
{Heap before GC invocations=10 (full 0):
 garbage-first heap   total 64512K, used 45465K [0x00000000c9000000, 0x0000000100000000)
  region size 1024K, 23 young (23552K), 1 survivors (1024K)
 Metaspace       used 38960K, committed 39168K, reserved 1089536K
  class space    used 4842K, committed 4928K, reserved 1048576K
}
Event: 11.873 GC heap after
{Heap after GC invocations=11 (full 0):
 garbage-first heap   total 64512K, used 25157K [0x00000000c9000000, 0x0000000100000000)
  region size 1024K, 3 young (3072K), 3 survivors (3072K)
 Metaspace       used 38960K, committed 39168K, reserved 1089536K
  class space    used 4842K, committed 4928K, reserved 1048576K
}
Event: 11.896 GC heap before
{Heap before GC invocations=11 (full 0):
 garbage-first heap   total 64512K, used 25157K [0x00000000c9000000, 0x0000000100000000)
  region size 1024K, 4 young (4096K), 3 survivors (3072K)
 Metaspace       used 39170K, committed 39360K, reserved 1089536K
  class space    used 4865K, committed 4928K, reserved 1048576K
}
Event: 11.904 GC heap after
{Heap after GC invocations=12 (full 0):
 garbage-first heap   total 64512K, used 25364K [0x00000000c9000000, 0x0000000100000000)
  region size 1024K, 1 young (1024K), 1 survivors (1024K)
 Metaspace       used 39170K, committed 39360K, reserved 1089536K
  class space    used 4865K, committed 4928K, reserved 1048576K
}
Event: 12.811 GC heap before
{Heap before GC invocations=12 (full 0):
 garbage-first heap   total 64512K, used 45844K [0x00000000c9000000, 0x0000000100000000)
  region size 1024K, 22 young (22528K), 1 survivors (1024K)
 Metaspace       used 43719K, committed 43904K, reserved 1089536K
  class space    used 5289K, committed 5376K, reserved 1048576K
}
Event: 12.816 GC heap after
{Heap after GC invocations=13 (full 0):
 garbage-first heap   total 64512K, used 26848K [0x00000000c9000000, 0x0000000100000000)
  region size 1024K, 2 young (2048K), 2 survivors (2048K)
 Metaspace       used 43719K, committed 43904K, reserved 1089536K
  class space    used 5289K, committed 5376K, reserved 1048576K
}
Event: 13.608 GC heap before
{Heap before GC invocations=13 (full 0):
 garbage-first heap   total 64512K, used 49376K [0x00000000c9000000, 0x0000000100000000)
  region size 1024K, 23 young (23552K), 2 survivors (2048K)
 Metaspace       used 48285K, committed 48448K, reserved 1097728K
  class space    used 5839K, committed 5888K, reserved 1048576K
}
Event: 13.621 GC heap after
{Heap after GC invocations=14 (full 0):
 garbage-first heap   total 64512K, used 32029K [0x00000000c9000000, 0x0000000100000000)
  region size 1024K, 3 young (3072K), 3 survivors (3072K)
 Metaspace       used 48285K, committed 48448K, reserved 1097728K
  class space    used 5839K, committed 5888K, reserved 1048576K
}
Event: 13.908 GC heap before
{Heap before GC invocations=14 (full 0):
 garbage-first heap   total 64512K, used 38173K [0x00000000c9000000, 0x0000000100000000)
  region size 1024K, 10 young (10240K), 3 survivors (3072K)
 Metaspace       used 48877K, committed 49088K, reserved 1097728K
  class space    used 5897K, committed 5952K, reserved 1048576K
}
Event: 13.921 GC heap after
{Heap after GC invocations=15 (full 0):
 garbage-first heap   total 64512K, used 33681K [0x00000000c9000000, 0x0000000100000000)
  region size 1024K, 2 young (2048K), 2 survivors (2048K)
 Metaspace       used 48877K, committed 49088K, reserved 1097728K
  class space    used 5897K, committed 5952K, reserved 1048576K
}
Event: 14.144 GC heap before
{Heap before GC invocations=16 (full 0):
 garbage-first heap   total 64512K, used 48017K [0x00000000c9000000, 0x0000000100000000)
  region size 1024K, 16 young (16384K), 2 survivors (2048K)
 Metaspace       used 48895K, committed 49088K, reserved 1097728K
  class space    used 5897K, committed 5952K, reserved 1048576K
}
Event: 14.148 GC heap after
{Heap after GC invocations=17 (full 0):
 garbage-first heap   total 64512K, used 34022K [0x00000000c9000000, 0x0000000100000000)
  region size 1024K, 1 young (1024K), 1 survivors (1024K)
 Metaspace       used 48895K, committed 49088K, reserved 1097728K
  class space    used 5897K, committed 5952K, reserved 1048576K
}
Event: 14.647 GC heap before
{Heap before GC invocations=17 (full 0):
 garbage-first heap   total 64512K, used 49382K [0x00000000c9000000, 0x0000000100000000)
  region size 1024K, 16 young (16384K), 1 survivors (1024K)
 Metaspace       used 50232K, committed 50496K, reserved 1097728K
  class space    used 6060K, committed 6208K, reserved 1048576K
}

